  obj.cpp
k:\coding projects\7dfps\obj.cpp(38): warning C4172: returning address of local variable or temporary
k:\coding projects\7dfps\obj.cpp(48): warning C4244: 'initializing' : conversion from 'std::streamoff' to 'long', possible loss of data
k:\coding projects\7dfps\obj.cpp(65): warning C4996: 'sscanf': This function or variable may be unsafe. Consider using sscanf_s instead. To disable deprecation, use _CRT_SECURE_NO_WARNINGS. See online help for details.
          c:\program files (x86)\microsoft visual studio 10.0\vc\include\stdio.h(325) : see declaration of 'sscanf'
k:\coding projects\7dfps\obj.cpp(81): warning C4996: 'sscanf': This function or variable may be unsafe. Consider using sscanf_s instead. To disable deprecation, use _CRT_SECURE_NO_WARNINGS. See online help for details.
          c:\program files (x86)\microsoft visual studio 10.0\vc\include\stdio.h(325) : see declaration of 'sscanf'
  main.cpp
k:\coding projects\7dfps\main.cpp(15): warning C4305: 'initializing' : truncation from 'double' to 'float'
k:\coding projects\7dfps\main.cpp(17): warning C4305: 'initializing' : truncation from 'double' to 'const float'
k:\coding projects\7dfps\main.cpp(30): warning C4305: 'initializing' : truncation from 'double' to 'GLfloat'
k:\coding projects\7dfps\main.cpp(30): warning C4305: 'initializing' : truncation from 'double' to 'GLfloat'
k:\coding projects\7dfps\main.cpp(91): warning C4244: '=' : conversion from 'double' to 'float', possible loss of data
k:\coding projects\7dfps\main.cpp(95): warning C4244: '=' : conversion from 'double' to 'float', possible loss of data
k:\coding projects\7dfps\main.cpp(243): warning C4244: '=' : conversion from 'double' to 'float', possible loss of data
k:\coding projects\7dfps\main.cpp(248): warning C4244: '=' : conversion from 'double' to 'float', possible loss of data
k:\coding projects\7dfps\main.cpp(273): warning C4244: 'argument' : conversion from 'float' to 'int', possible loss of data
k:\coding projects\7dfps\main.cpp(273): warning C4244: 'argument' : conversion from 'float' to 'int', possible loss of data
k:\coding projects\7dfps\main.cpp(278): warning C4244: 'argument' : conversion from 'float' to 'int', possible loss of data
k:\coding projects\7dfps\main.cpp(278): warning C4244: 'argument' : conversion from 'float' to 'int', possible loss of data
k:\coding projects\7dfps\main.cpp(283): warning C4244: 'argument' : conversion from 'float' to 'int', possible loss of data
k:\coding projects\7dfps\main.cpp(283): warning C4244: 'argument' : conversion from 'float' to 'int', possible loss of data
k:\coding projects\7dfps\main.cpp(288): warning C4244: 'argument' : conversion from 'float' to 'int', possible loss of data
k:\coding projects\7dfps\main.cpp(288): warning C4244: 'argument' : conversion from 'float' to 'int', possible loss of data
k:\coding projects\7dfps\main.cpp(330): warning C4244: 'argument' : conversion from 'float' to 'unsigned int', possible loss of data
k:\coding projects\7dfps\main.cpp(333): warning C4244: '=' : conversion from 'double' to 'float', possible loss of data
k:\coding projects\7dfps\main.cpp(335): warning C4244: '=' : conversion from 'double' to 'float', possible loss of data
k:\coding projects\7dfps\main.cpp(345): warning C4244: 'argument' : conversion from 'float' to 'unsigned int', possible loss of data
k:\coding projects\7dfps\main.cpp(348): warning C4244: '=' : conversion from 'double' to 'float', possible loss of data
k:\coding projects\7dfps\main.cpp(350): warning C4244: '=' : conversion from 'double' to 'float', possible loss of data
k:\coding projects\7dfps\main.cpp(371): warning C4244: '=' : conversion from 'double' to 'float', possible loss of data
k:\coding projects\7dfps\main.cpp(373): warning C4244: '=' : conversion from 'double' to 'float', possible loss of data
k:\coding projects\7dfps\main.cpp(376): warning C4244: 'argument' : conversion from 'float' to 'int', possible loss of data
k:\coding projects\7dfps\main.cpp(376): warning C4244: 'argument' : conversion from 'float' to 'int', possible loss of data
k:\coding projects\7dfps\main.cpp(415): warning C4305: 'argument' : truncation from 'double' to 'GLfloat'
k:\coding projects\7dfps\main.cpp(415): warning C4305: 'argument' : truncation from 'double' to 'GLfloat'
k:\coding projects\7dfps\main.cpp(415): warning C4305: 'argument' : truncation from 'double' to 'GLfloat'
k:\coding projects\7dfps\main.cpp(421): warning C4305: 'argument' : truncation from 'double' to 'GLfloat'
k:\coding projects\7dfps\main.cpp(421): warning C4305: 'argument' : truncation from 'double' to 'GLfloat'
k:\coding projects\7dfps\main.cpp(421): warning C4305: 'argument' : truncation from 'double' to 'GLfloat'
k:\coding projects\7dfps\main.cpp(428): warning C4305: 'argument' : truncation from 'double' to 'GLfloat'
k:\coding projects\7dfps\main.cpp(428): warning C4305: 'argument' : truncation from 'double' to 'GLfloat'
k:\coding projects\7dfps\main.cpp(428): warning C4305: 'argument' : truncation from 'double' to 'GLfloat'
k:\coding projects\7dfps\main.cpp(435): warning C4305: 'argument' : truncation from 'double' to 'GLfloat'
k:\coding projects\7dfps\main.cpp(435): warning C4305: 'argument' : truncation from 'double' to 'GLfloat'
k:\coding projects\7dfps\main.cpp(435): warning C4305: 'argument' : truncation from 'double' to 'GLfloat'
k:\coding projects\7dfps\main.cpp(442): warning C4305: 'argument' : truncation from 'double' to 'GLfloat'
k:\coding projects\7dfps\main.cpp(442): warning C4305: 'argument' : truncation from 'double' to 'GLfloat'
k:\coding projects\7dfps\main.cpp(442): warning C4305: 'argument' : truncation from 'double' to 'GLfloat'
k:\coding projects\7dfps\main.cpp(448): warning C4305: 'argument' : truncation from 'double' to 'GLfloat'
k:\coding projects\7dfps\main.cpp(448): warning C4305: 'argument' : truncation from 'double' to 'GLfloat'
k:\coding projects\7dfps\main.cpp(448): warning C4305: 'argument' : truncation from 'double' to 'GLfloat'
k:\coding projects\7dfps\main.cpp(496): warning C4244: 'argument' : conversion from 'double' to 'GLfloat', possible loss of data
k:\coding projects\7dfps\main.cpp(509): warning C4305: 'argument' : truncation from 'double' to 'float'
k:\coding projects\7dfps\main.cpp(514): warning C4305: 'argument' : truncation from 'double' to 'float'
k:\coding projects\7dfps\main.cpp(526): warning C4305: 'argument' : truncation from 'double' to 'float'
k:\coding projects\7dfps\main.cpp(526): warning C4305: 'argument' : truncation from 'double' to 'float'
k:\coding projects\7dfps\main.cpp(527): warning C4305: 'argument' : truncation from 'double' to 'float'
k:\coding projects\7dfps\main.cpp(527): warning C4305: 'argument' : truncation from 'double' to 'float'
k:\coding projects\7dfps\main.cpp(528): warning C4305: 'argument' : truncation from 'double' to 'float'
k:\coding projects\7dfps\main.cpp(528): warning C4305: 'argument' : truncation from 'double' to 'float'
k:\coding projects\7dfps\main.cpp(529): warning C4305: 'argument' : truncation from 'double' to 'float'
k:\coding projects\7dfps\main.cpp(529): warning C4305: 'argument' : truncation from 'double' to 'float'
k:\coding projects\7dfps\main.cpp(534): warning C4305: 'argument' : truncation from 'double' to 'float'
k:\coding projects\7dfps\main.cpp(534): warning C4305: 'argument' : truncation from 'double' to 'float'
k:\coding projects\7dfps\main.cpp(535): warning C4305: 'argument' : truncation from 'double' to 'float'
k:\coding projects\7dfps\main.cpp(535): warning C4305: 'argument' : truncation from 'double' to 'float'
k:\coding projects\7dfps\main.cpp(536): warning C4305: 'argument' : truncation from 'double' to 'float'
k:\coding projects\7dfps\main.cpp(536): warning C4305: 'argument' : truncation from 'double' to 'float'
k:\coding projects\7dfps\main.cpp(645): warning C4244: '+=' : conversion from 'double' to 'float', possible loss of data
k:\coding projects\7dfps\main.cpp(646): warning C4244: '+=' : conversion from 'double' to 'float', possible loss of data
k:\coding projects\7dfps\main.cpp(651): warning C4244: '+=' : conversion from 'double' to 'float', possible loss of data
k:\coding projects\7dfps\main.cpp(652): warning C4244: '+=' : conversion from 'double' to 'float', possible loss of data
k:\coding projects\7dfps\main.cpp(656): warning C4244: '+=' : conversion from 'double' to 'float', possible loss of data
k:\coding projects\7dfps\main.cpp(657): warning C4244: '+=' : conversion from 'double' to 'float', possible loss of data
k:\coding projects\7dfps\main.cpp(672): warning C4244: '-=' : conversion from 'double' to 'float', possible loss of data
k:\coding projects\7dfps\main.cpp(673): warning C4244: '-=' : conversion from 'double' to 'float', possible loss of data
k:\coding projects\7dfps\main.cpp(678): warning C4244: '-=' : conversion from 'double' to 'float', possible loss of data
k:\coding projects\7dfps\main.cpp(679): warning C4244: '-=' : conversion from 'double' to 'float', possible loss of data
k:\coding projects\7dfps\main.cpp(683): warning C4244: '-=' : conversion from 'double' to 'float', possible loss of data
k:\coding projects\7dfps\main.cpp(684): warning C4244: '-=' : conversion from 'double' to 'float', possible loss of data
k:\coding projects\7dfps\main.cpp(795): warning C4305: '=' : truncation from 'double' to 'float'
k:\coding projects\7dfps\main.cpp(821): warning C4244: 'initializing' : conversion from 'float' to 'int', possible loss of data
k:\coding projects\7dfps\main.cpp(822): warning C4244: 'initializing' : conversion from 'float' to 'int', possible loss of data
k:\coding projects\7dfps\main.cpp(824): warning C4244: '=' : conversion from 'int' to 'float', possible loss of data
k:\coding projects\7dfps\main.cpp(825): warning C4244: '=' : conversion from 'int' to 'float', possible loss of data
k:\coding projects\7dfps\main.cpp(863): warning C4244: 'argument' : conversion from 'double' to 'GLint', possible loss of data
k:\coding projects\7dfps\main.cpp(863): warning C4244: 'argument' : conversion from 'double' to 'GLint', possible loss of data
k:\coding projects\7dfps\main.cpp(868): warning C4244: 'argument' : conversion from 'double' to 'GLint', possible loss of data
k:\coding projects\7dfps\main.cpp(868): warning C4244: 'argument' : conversion from 'double' to 'GLint', possible loss of data
  hud.cpp
k:\coding projects\7dfps\hud.cpp(17): warning C4996: 'fopen': This function or variable may be unsafe. Consider using fopen_s instead. To disable deprecation, use _CRT_SECURE_NO_WARNINGS. See online help for details.
          c:\program files (x86)\microsoft visual studio 10.0\vc\include\stdio.h(234) : see declaration of 'fopen'
k:\coding projects\7dfps\hud.cpp(25): warning C4018: '<' : signed/unsigned mismatch
k:\coding projects\7dfps\hud.cpp(24): warning C4101: 'aux' : unreferenced local variable
k:\coding projects\7dfps\hud.cpp(75): warning C4018: '<' : signed/unsigned mismatch
k:\coding projects\7dfps\hud.cpp(109): warning C4305: 'argument' : truncation from 'double' to 'GLfloat'
k:\coding projects\7dfps\hud.cpp(110): warning C4305: 'argument' : truncation from 'double' to 'GLfloat'
k:\coding projects\7dfps\hud.cpp(111): warning C4305: 'argument' : truncation from 'double' to 'GLfloat'
k:\coding projects\7dfps\hud.cpp(112): warning C4305: 'argument' : truncation from 'double' to 'GLfloat'
k:\coding projects\7dfps\hud.cpp(117): warning C4305: 'argument' : truncation from 'double' to 'GLfloat'
k:\coding projects\7dfps\hud.cpp(118): warning C4305: 'argument' : truncation from 'double' to 'GLfloat'
k:\coding projects\7dfps\hud.cpp(119): warning C4305: 'argument' : truncation from 'double' to 'GLfloat'
k:\coding projects\7dfps\hud.cpp(120): warning C4305: 'argument' : truncation from 'double' to 'GLfloat'
  bullet.cpp
k:\coding projects\7dfps\bullet.cpp(25): warning C4305: '=' : truncation from 'double' to 'float'
k:\coding projects\7dfps\bullet.cpp(52): warning C4305: '=' : truncation from 'double' to 'float'
k:\coding projects\7dfps\bullet.cpp(66): warning C4244: '+=' : conversion from 'double' to 'float', possible loss of data
k:\coding projects\7dfps\bullet.cpp(67): warning C4244: '-=' : conversion from 'double' to 'float', possible loss of data
k:\coding projects\7dfps\bullet.cpp(68): warning C4244: '-=' : conversion from 'double' to 'float', possible loss of data
k:\coding projects\7dfps\bullet.cpp(84): warning C4244: '+=' : conversion from 'double' to 'float', possible loss of data
k:\coding projects\7dfps\bullet.cpp(85): warning C4244: '-=' : conversion from 'double' to 'float', possible loss of data
k:\coding projects\7dfps\bullet.cpp(86): warning C4244: '-=' : conversion from 'double' to 'float', possible loss of data
k:\coding projects\7dfps\bullet.cpp(101): warning C4244: '+=' : conversion from 'double' to 'float', possible loss of data
k:\coding projects\7dfps\bullet.cpp(102): warning C4244: '-=' : conversion from 'double' to 'float', possible loss of data
k:\coding projects\7dfps\bullet.cpp(103): warning C4244: '-=' : conversion from 'double' to 'float', possible loss of data
k:\coding projects\7dfps\bullet.cpp(147): warning C4305: 'initializing' : truncation from 'double' to 'GLfloat'
k:\coding projects\7dfps\bullet.cpp(147): warning C4305: 'initializing' : truncation from 'double' to 'GLfloat'
k:\coding projects\7dfps\bullet.cpp(171): warning C4244: '=' : conversion from 'double' to 'float', possible loss of data
k:\coding projects\7dfps\bullet.cpp(176): warning C4244: '=' : conversion from 'double' to 'float', possible loss of data
  SoundEngine.cpp
k:\coding projects\7dfps\soundengine.cpp(67): warning C4305: 'argument' : truncation from 'double' to 'irrklang::ik_f32'
k:\coding projects\7dfps\soundengine.cpp(73): warning C4305: 'argument' : truncation from 'double' to 'irrklang::ik_f32'
  Camera.cpp
  Generating Code...
  3D.vcxproj -> K:\Coding Projects\7DFPS\Debug\3D.exe
