Build started 5/2/2012 1:58:07 AM.
     1>Project "D:\ALEXAROTH\Projects\3D\3D.vcxproj" on node 2 (build target(s)).
     1>InitializeBuildStatus:
         Creating "Release\3D.unsuccessfulbuild" because "AlwaysCreate" was specified.
       ClCompile:
         All outputs are up-to-date.
       Link:
         C:\Program Files (x86)\Microsoft Visual Studio 10.0\VC\bin\link.exe /ERRORREPORT:PROMPT /OUT:"D:\ALEXAROTH\Projects\3D\Release\3D.exe" /INCREMENTAL:NO /NOLOGO kernel32.lib user32.lib gdi32.lib winspool.lib comdlg32.lib advapi32.lib shell32.lib ole32.lib oleaut32.lib uuid.lib odbc32.lib odbccp32.lib /MANIFEST /ManifestFile:"Release\3D.exe.intermediate.manifest" /MANIFESTUAC:"level='asInvoker' uiAccess='false'" /DEBUG /PDB:"D:\ALEXAROTH\Projects\3D\Release\3D.pdb" /SUBSYSTEM:CONSOLE /OPT:REF /OPT:ICF /LTCG /TLBID:1 /DYNAMICBASE /NXCOMPAT /IMPLIB:"D:\ALEXAROTH\Projects\3D\Release\3D.lib" /MACHINE:X86 Release\bullet.obj
         Release\Camera.obj
         Release\hud.obj
         Release\main.obj
         Release\obj.obj
         Release\SoundEngine.obj
         Generating code
         Finished generating code
         3D.vcxproj -> D:\ALEXAROTH\Projects\3D\Release\3D.exe
       Manifest:
         C:\Program Files (x86)\Microsoft SDKs\Windows\v7.0A\bin\mt.exe /nologo /verbose /outputresource:"D:\ALEXAROTH\Projects\3D\Release\3D.exe;#1" /manifest Release\3D.exe.intermediate.manifest
       FinalizeBuildStatus:
         Deleting file "Release\3D.unsuccessfulbuild".
         Touching "Release\3D.lastbuildstate".
     1>Done Building Project "D:\ALEXAROTH\Projects\3D\3D.vcxproj" (build target(s)).

Build succeeded.

Time Elapsed 00:00:00.82
